<?xml version="1.0" encoding="UTF-8"?>
<testng-results ignored="0" total="1" passed="1" failed="0" skipped="0">
  <reporter-output>
  </reporter-output>
  <suite started-at="2022-07-25T15:54:31 IST" name="Suite" finished-at="2022-07-25T15:54:44 IST" duration-ms="13215">
    <groups>
    </groups>
    <test started-at="2022-07-25T15:54:31 IST" name="Test" finished-at="2022-07-25T15:54:44 IST" duration-ms="13215">
      <class name="testclasses.VerifyUserLogin">
        <test-method is-config="true" signature="beforeclass()[pri:0, instance:testclasses.VerifyUserLogin@4cc451f2]" started-at="2022-07-25T15:54:31 IST" name="beforeclass" finished-at="2022-07-25T15:54:36 IST" duration-ms="5575" status="PASS">
          <reporter-output>
          </reporter-output>
        </test-method> <!-- beforeclass -->
        <test-method is-config="true" signature="beforemethod()[pri:0, instance:testclasses.VerifyUserLogin@4cc451f2]" started-at="2022-07-25T15:54:36 IST" name="beforemethod" finished-at="2022-07-25T15:54:36 IST" duration-ms="36" status="PASS">
          <reporter-output>
          </reporter-output>
        </test-method> <!-- beforemethod -->
        <test-method signature="VerifyUserCanLogin()[pri:0, instance:testclasses.VerifyUserLogin@4cc451f2]" started-at="2022-07-25T15:54:36 IST" name="VerifyUserCanLogin" finished-at="2022-07-25T15:54:43 IST" duration-ms="7143" status="PASS">
          <reporter-output>
          </reporter-output>
        </test-method> <!-- VerifyUserCanLogin -->
        <test-method is-config="true" signature="aftermethod(org.testng.ITestResult)[pri:0, instance:testclasses.VerifyUserLogin@4cc451f2]" started-at="2022-07-25T15:54:43 IST" name="aftermethod" finished-at="2022-07-25T15:54:43 IST" duration-ms="12" status="PASS">
          <params>
            <param index="0">
              <value>
                <![CDATA[[TestResult name=VerifyUserCanLogin status=SUCCESS method=VerifyUserLogin.VerifyUserCanLogin()[pri:0, instance:testclasses.VerifyUserLogin@4cc451f2] output={null}]]]>
              </value>
            </param>
          </params>
          <reporter-output>
          </reporter-output>
        </test-method> <!-- aftermethod -->
        <test-method is-config="true" signature="afterclass()[pri:0, instance:testclasses.VerifyUserLogin@4cc451f2]" started-at="2022-07-25T15:54:43 IST" name="afterclass" finished-at="2022-07-25T15:54:44 IST" duration-ms="416" status="PASS">
          <reporter-output>
          </reporter-output>
        </test-method> <!-- afterclass -->
      </class> <!-- testclasses.VerifyUserLogin -->
    </test> <!-- Test -->
  </suite> <!-- Suite -->
</testng-results>
